<?xml version="1.0" encoding="UTF-8"?>
<testng-results skipped="0" failed="2" ignored="0" total="9" passed="7">
  <reporter-output>
  </reporter-output>
  <suite name="Facebook Application Test" duration-ms="143956" started-at="2022-04-27T01:04:18 EET" finished-at="2022-04-27T01:06:42 EET">
    <groups>
    </groups>
    <test name="End To End Test with Chrome browser" duration-ms="143956" started-at="2022-04-27T01:04:18 EET" finished-at="2022-04-27T01:06:42 EET">
      <class name="com.fb.testcases.LoginPageTest">
        <test-method status="PASS" signature="initializeBroswer()[pri:0, instance:com.fb.testcases.LoginPageTest@17d0685f]" name="initializeBroswer" is-config="true" duration-ms="7835" started-at="2022-04-27T01:04:18 EET" finished-at="2022-04-27T01:04:25 EET">
          <reporter-output>
          </reporter-output>
        </test-method> <!-- initializeBroswer -->
        <test-method status="PASS" signature="setup(java.lang.reflect.Method)[pri:0, instance:com.fb.testcases.LoginPageTest@17d0685f]" name="setup" is-config="true" duration-ms="3990" started-at="2022-04-27T01:04:25 EET" finished-at="2022-04-27T01:04:29 EET">
          <params>
            <param index="0">
              <value>
                <![CDATA[public void com.fb.testcases.LoginPageTest.checkURLTest(java.lang.reflect.Method) throws java.io.IOException]]>
              </value>
            </param>
          </params>
          <reporter-output>
          </reporter-output>
        </test-method> <!-- setup -->
        <test-method status="PASS" signature="checkURLTest(java.lang.reflect.Method)[pri:1, instance:com.fb.testcases.LoginPageTest@17d0685f]" name="checkURLTest" duration-ms="34" started-at="2022-04-27T01:04:29 EET" finished-at="2022-04-27T01:04:29 EET">
          <params>
            <param index="0">
              <value>
                <![CDATA[public void com.fb.testcases.LoginPageTest.checkURLTest(java.lang.reflect.Method) throws java.io.IOException]]>
              </value>
            </param>
          </params>
          <reporter-output>
          </reporter-output>
        </test-method> <!-- checkURLTest -->
        <test-method status="PASS" signature="tearDown(java.lang.reflect.Method, org.testng.ITestResult)[pri:0, instance:com.fb.testcases.LoginPageTest@17d0685f]" name="tearDown" is-config="true" duration-ms="2529" started-at="2022-04-27T01:04:29 EET" finished-at="2022-04-27T01:04:32 EET">
          <params>
            <param index="0">
              <value>
                <![CDATA[public void com.fb.testcases.LoginPageTest.checkURLTest(java.lang.reflect.Method) throws java.io.IOException]]>
              </value>
            </param>
            <param index="1">
              <value>
                <![CDATA[[TestResult name=checkURLTest status=SUCCESS method=LoginPageTest.checkURLTest(java.lang.reflect.Method)[pri:1, instance:com.fb.testcases.LoginPageTest@17d0685f] output={null}]]]>
              </value>
            </param>
          </params>
          <reporter-output>
          </reporter-output>
        </test-method> <!-- tearDown -->
        <test-method status="PASS" signature="setup(java.lang.reflect.Method)[pri:0, instance:com.fb.testcases.LoginPageTest@17d0685f]" name="setup" is-config="true" duration-ms="711" started-at="2022-04-27T01:04:32 EET" finished-at="2022-04-27T01:04:33 EET">
          <params>
            <param index="0">
              <value>
                <![CDATA[public void com.fb.testcases.LoginPageTest.checkFBImgTest(java.lang.reflect.Method) throws java.io.IOException]]>
              </value>
            </param>
          </params>
          <reporter-output>
          </reporter-output>
        </test-method> <!-- setup -->
        <test-method status="PASS" signature="checkFBImgTest(java.lang.reflect.Method)[pri:2, instance:com.fb.testcases.LoginPageTest@17d0685f]" name="checkFBImgTest" duration-ms="211" started-at="2022-04-27T01:04:33 EET" finished-at="2022-04-27T01:04:33 EET">
          <params>
            <param index="0">
              <value>
                <![CDATA[public void com.fb.testcases.LoginPageTest.checkFBImgTest(java.lang.reflect.Method) throws java.io.IOException]]>
              </value>
            </param>
          </params>
          <reporter-output>
          </reporter-output>
        </test-method> <!-- checkFBImgTest -->
        <test-method status="PASS" signature="tearDown(java.lang.reflect.Method, org.testng.ITestResult)[pri:0, instance:com.fb.testcases.LoginPageTest@17d0685f]" name="tearDown" is-config="true" duration-ms="2418" started-at="2022-04-27T01:04:33 EET" finished-at="2022-04-27T01:04:35 EET">
          <params>
            <param index="0">
              <value>
                <![CDATA[public void com.fb.testcases.LoginPageTest.checkFBImgTest(java.lang.reflect.Method) throws java.io.IOException]]>
              </value>
            </param>
            <param index="1">
              <value>
                <![CDATA[[TestResult name=checkFBImgTest status=SUCCESS method=LoginPageTest.checkFBImgTest(java.lang.reflect.Method)[pri:2, instance:com.fb.testcases.LoginPageTest@17d0685f] output={null}]]]>
              </value>
            </param>
          </params>
          <reporter-output>
          </reporter-output>
        </test-method> <!-- tearDown -->
        <test-method status="PASS" signature="setup(java.lang.reflect.Method)[pri:0, instance:com.fb.testcases.LoginPageTest@17d0685f]" name="setup" is-config="true" duration-ms="866" started-at="2022-04-27T01:04:35 EET" finished-at="2022-04-27T01:04:36 EET">
          <params>
            <param index="0">
              <value>
                <![CDATA[public void com.fb.testcases.LoginPageTest.checkFbintroMsgTest(java.lang.reflect.Method) throws java.io.IOException]]>
              </value>
            </param>
          </params>
          <reporter-output>
          </reporter-output>
        </test-method> <!-- setup -->
        <test-method status="PASS" signature="checkFbintroMsgTest(java.lang.reflect.Method)[pri:3, instance:com.fb.testcases.LoginPageTest@17d0685f]" name="checkFbintroMsgTest" duration-ms="61" started-at="2022-04-27T01:04:36 EET" finished-at="2022-04-27T01:04:36 EET">
          <params>
            <param index="0">
              <value>
                <![CDATA[public void com.fb.testcases.LoginPageTest.checkFbintroMsgTest(java.lang.reflect.Method) throws java.io.IOException]]>
              </value>
            </param>
          </params>
          <reporter-output>
          </reporter-output>
        </test-method> <!-- checkFbintroMsgTest -->
        <test-method status="PASS" signature="tearDown(java.lang.reflect.Method, org.testng.ITestResult)[pri:0, instance:com.fb.testcases.LoginPageTest@17d0685f]" name="tearDown" is-config="true" duration-ms="2429" started-at="2022-04-27T01:04:36 EET" finished-at="2022-04-27T01:04:39 EET">
          <params>
            <param index="0">
              <value>
                <![CDATA[public void com.fb.testcases.LoginPageTest.checkFbintroMsgTest(java.lang.reflect.Method) throws java.io.IOException]]>
              </value>
            </param>
            <param index="1">
              <value>
                <![CDATA[[TestResult name=checkFbintroMsgTest status=SUCCESS method=LoginPageTest.checkFbintroMsgTest(java.lang.reflect.Method)[pri:3, instance:com.fb.testcases.LoginPageTest@17d0685f] output={null}]]]>
              </value>
            </param>
          </params>
          <reporter-output>
          </reporter-output>
        </test-method> <!-- tearDown -->
        <test-method status="PASS" signature="setup(java.lang.reflect.Method)[pri:0, instance:com.fb.testcases.LoginPageTest@17d0685f]" name="setup" is-config="true" duration-ms="357" started-at="2022-04-27T01:04:39 EET" finished-at="2022-04-27T01:04:39 EET">
          <params>
            <param index="0">
              <value>
                <![CDATA[public void com.fb.testcases.LoginPageTest.ForgotPasswordLinkTest(java.lang.reflect.Method) throws java.io.IOException]]>
              </value>
            </param>
          </params>
          <reporter-output>
          </reporter-output>
        </test-method> <!-- setup -->
        <test-method status="PASS" signature="ForgotPasswordLinkTest(java.lang.reflect.Method)[pri:4, instance:com.fb.testcases.LoginPageTest@17d0685f]" name="ForgotPasswordLinkTest" duration-ms="3876" started-at="2022-04-27T01:04:39 EET" finished-at="2022-04-27T01:04:43 EET">
          <params>
            <param index="0">
              <value>
                <![CDATA[public void com.fb.testcases.LoginPageTest.ForgotPasswordLinkTest(java.lang.reflect.Method) throws java.io.IOException]]>
              </value>
            </param>
          </params>
          <reporter-output>
          </reporter-output>
        </test-method> <!-- ForgotPasswordLinkTest -->
        <test-method status="PASS" signature="tearDown(java.lang.reflect.Method, org.testng.ITestResult)[pri:0, instance:com.fb.testcases.LoginPageTest@17d0685f]" name="tearDown" is-config="true" duration-ms="2403" started-at="2022-04-27T01:04:43 EET" finished-at="2022-04-27T01:04:45 EET">
          <params>
            <param index="0">
              <value>
                <![CDATA[public void com.fb.testcases.LoginPageTest.ForgotPasswordLinkTest(java.lang.reflect.Method) throws java.io.IOException]]>
              </value>
            </param>
            <param index="1">
              <value>
                <![CDATA[[TestResult name=ForgotPasswordLinkTest status=SUCCESS method=LoginPageTest.ForgotPasswordLinkTest(java.lang.reflect.Method)[pri:4, instance:com.fb.testcases.LoginPageTest@17d0685f] output={null}]]]>
              </value>
            </param>
          </params>
          <reporter-output>
          </reporter-output>
        </test-method> <!-- tearDown -->
        <test-method status="PASS" signature="setup(java.lang.reflect.Method)[pri:0, instance:com.fb.testcases.LoginPageTest@17d0685f]" name="setup" is-config="true" duration-ms="1073" started-at="2022-04-27T01:04:45 EET" finished-at="2022-04-27T01:04:46 EET">
          <params>
            <param index="0">
              <value>
                <![CDATA[public void com.fb.testcases.LoginPageTest.CreatePageLinkTest(java.lang.reflect.Method) throws java.io.IOException]]>
              </value>
            </param>
          </params>
          <reporter-output>
          </reporter-output>
        </test-method> <!-- setup -->
        <test-method status="PASS" signature="CreatePageLinkTest(java.lang.reflect.Method)[pri:5, instance:com.fb.testcases.LoginPageTest@17d0685f]" name="CreatePageLinkTest" duration-ms="2260" started-at="2022-04-27T01:04:46 EET" finished-at="2022-04-27T01:04:49 EET">
          <params>
            <param index="0">
              <value>
                <![CDATA[public void com.fb.testcases.LoginPageTest.CreatePageLinkTest(java.lang.reflect.Method) throws java.io.IOException]]>
              </value>
            </param>
          </params>
          <reporter-output>
          </reporter-output>
        </test-method> <!-- CreatePageLinkTest -->
        <test-method status="PASS" signature="tearDown(java.lang.reflect.Method, org.testng.ITestResult)[pri:0, instance:com.fb.testcases.LoginPageTest@17d0685f]" name="tearDown" is-config="true" duration-ms="2414" started-at="2022-04-27T01:04:49 EET" finished-at="2022-04-27T01:04:51 EET">
          <params>
            <param index="0">
              <value>
                <![CDATA[public void com.fb.testcases.LoginPageTest.CreatePageLinkTest(java.lang.reflect.Method) throws java.io.IOException]]>
              </value>
            </param>
            <param index="1">
              <value>
                <![CDATA[[TestResult name=CreatePageLinkTest status=SUCCESS method=LoginPageTest.CreatePageLinkTest(java.lang.reflect.Method)[pri:5, instance:com.fb.testcases.LoginPageTest@17d0685f] output={null}]]]>
              </value>
            </param>
          </params>
          <reporter-output>
          </reporter-output>
        </test-method> <!-- tearDown -->
        <test-method status="PASS" signature="setup(java.lang.reflect.Method)[pri:0, instance:com.fb.testcases.LoginPageTest@17d0685f]" name="setup" is-config="true" duration-ms="469" started-at="2022-04-27T01:04:51 EET" finished-at="2022-04-27T01:04:52 EET">
          <params>
            <param index="0">
              <value>
                <![CDATA[public void com.fb.testcases.LoginPageTest.signUpLinkTest(java.lang.reflect.Method) throws java.io.IOException]]>
              </value>
            </param>
          </params>
          <reporter-output>
          </reporter-output>
        </test-method> <!-- setup -->
        <test-method status="PASS" signature="signUpLinkTest(java.lang.reflect.Method)[pri:6, instance:com.fb.testcases.LoginPageTest@17d0685f]" name="signUpLinkTest" duration-ms="715" started-at="2022-04-27T01:04:52 EET" finished-at="2022-04-27T01:04:52 EET">
          <params>
            <param index="0">
              <value>
                <![CDATA[public void com.fb.testcases.LoginPageTest.signUpLinkTest(java.lang.reflect.Method) throws java.io.IOException]]>
              </value>
            </param>
          </params>
          <reporter-output>
          </reporter-output>
        </test-method> <!-- signUpLinkTest -->
        <test-method status="PASS" signature="tearDown(java.lang.reflect.Method, org.testng.ITestResult)[pri:0, instance:com.fb.testcases.LoginPageTest@17d0685f]" name="tearDown" is-config="true" duration-ms="2756" started-at="2022-04-27T01:04:52 EET" finished-at="2022-04-27T01:04:55 EET">
          <params>
            <param index="0">
              <value>
                <![CDATA[public void com.fb.testcases.LoginPageTest.signUpLinkTest(java.lang.reflect.Method) throws java.io.IOException]]>
              </value>
            </param>
            <param index="1">
              <value>
                <![CDATA[[TestResult name=signUpLinkTest status=SUCCESS method=LoginPageTest.signUpLinkTest(java.lang.reflect.Method)[pri:6, instance:com.fb.testcases.LoginPageTest@17d0685f] output={null}]]]>
              </value>
            </param>
          </params>
          <reporter-output>
          </reporter-output>
        </test-method> <!-- tearDown -->
        <test-method status="PASS" signature="setup(java.lang.reflect.Method)[pri:0, instance:com.fb.testcases.LoginPageTest@17d0685f]" name="setup" is-config="true" duration-ms="2614" started-at="2022-04-27T01:04:56 EET" finished-at="2022-04-27T01:04:58 EET">
          <params>
            <param index="0">
              <value>
                <![CDATA[public void com.fb.testcases.LoginPageTest.loginTest(java.lang.String,java.lang.String) throws java.io.IOException]]>
              </value>
            </param>
          </params>
          <reporter-output>
          </reporter-output>
        </test-method> <!-- setup -->
        <test-method status="PASS" signature="loginTest(java.lang.String, java.lang.String)[pri:7, instance:com.fb.testcases.LoginPageTest@17d0685f]" name="loginTest" duration-ms="11056" started-at="2022-04-27T01:04:58 EET" data-provider="testLoginData" finished-at="2022-04-27T01:05:09 EET">
          <params>
            <param index="0">
              <value>
                <![CDATA[100080203316936]]>
              </value>
            </param>
            <param index="1">
              <value>
                <![CDATA[695yx3meavx]]>
              </value>
            </param>
          </params>
          <reporter-output>
          </reporter-output>
        </test-method> <!-- loginTest -->
        <test-method status="PASS" signature="tearDown(java.lang.reflect.Method, org.testng.ITestResult)[pri:0, instance:com.fb.testcases.LoginPageTest@17d0685f]" name="tearDown" is-config="true" duration-ms="2736" started-at="2022-04-27T01:05:09 EET" finished-at="2022-04-27T01:05:12 EET">
          <params>
            <param index="0">
              <value>
                <![CDATA[public void com.fb.testcases.LoginPageTest.loginTest(java.lang.String,java.lang.String) throws java.io.IOException]]>
              </value>
            </param>
            <param index="1">
              <value>
                <![CDATA[[TestResult name=loginTest status=SUCCESS method=LoginPageTest.loginTest(java.lang.String, java.lang.String)[pri:7, instance:com.fb.testcases.LoginPageTest@17d0685f] output={null}]]]>
              </value>
            </param>
          </params>
          <reporter-output>
          </reporter-output>
        </test-method> <!-- tearDown -->
        <test-method status="PASS" signature="setup(java.lang.reflect.Method)[pri:0, instance:com.fb.testcases.LoginPageTest@17d0685f]" name="setup" is-config="true" duration-ms="1636" started-at="2022-04-27T01:05:12 EET" finished-at="2022-04-27T01:05:14 EET">
          <params>
            <param index="0">
              <value>
                <![CDATA[public void com.fb.testcases.LoginPageTest.loginTest(java.lang.String,java.lang.String) throws java.io.IOException]]>
              </value>
            </param>
          </params>
          <reporter-output>
          </reporter-output>
        </test-method> <!-- setup -->
        <test-method status="FAIL" signature="loginTest(java.lang.String, java.lang.String)[pri:7, instance:com.fb.testcases.LoginPageTest@17d0685f]" name="loginTest" duration-ms="42000" started-at="2022-04-27T01:05:14 EET" data-provider="testLoginData" finished-at="2022-04-27T01:05:56 EET">
          <params>
            <param index="0">
              <value>
                <![CDATA[asd12@mail.com]]>
              </value>
            </param>
            <param index="1">
              <value>
                <![CDATA[Test123!@]]>
              </value>
            </param>
          </params>
          <exception class="org.openqa.selenium.NoSuchElementException">
            <message>
              <![CDATA[no such element: Unable to locate element: {"method":"xpath","selector":"//*[text()='Welcome']"}
  (Session info: chrome=100.0.4896.127)
For documentation on this error, please visit: https://www.seleniumhq.org/exceptions/no_such_element.html
Build info: version: '3.141.59', revision: 'e82be7d358', time: '2018-11-14T08:17:03'
System info: host: 'Islams-MacBook-Air.local', ip: 'fe80:0:0:0:d8:fbbd:1abe:a80d%en0', os.name: 'Mac OS X', os.arch: 'x86_64', os.version: '12.0.1', java.version: '1.8.0_331'
Driver info: org.openqa.selenium.chrome.ChromeDriver
Capabilities {acceptInsecureCerts: false, browserName: chrome, browserVersion: 100.0.4896.127, chrome: {chromedriverVersion: 100.0.4896.60 (6a5d10861ce8..., userDataDir: /var/folders/y5/3lgl8tmj2tl...}, goog:chromeOptions: {debuggerAddress: localhost:56261}, javascriptEnabled: true, networkConnectionEnabled: false, pageLoadStrategy: normal, platform: MAC, platformName: MAC, proxy: Proxy(), setWindowRect: true, strictFileInteractability: false, timeouts: {implicit: 0, pageLoad: 300000, script: 30000}, unhandledPromptBehavior: dismiss and notify, webauthn:extension:credBlob: true, webauthn:extension:largeBlob: true, webauthn:virtualAuthenticators: true}
Session ID: 2ecaecddbc74bc5c8da0307f1dfdaae6
*** Element info: {Using=xpath, value=//*[text()='Welcome']}]]>
            </message>
            <full-stacktrace>
              <![CDATA[org.openqa.selenium.NoSuchElementException: no such element: Unable to locate element: {"method":"xpath","selector":"//*[text()='Welcome']"}
  (Session info: chrome=100.0.4896.127)
For documentation on this error, please visit: https://www.seleniumhq.org/exceptions/no_such_element.html
Build info: version: '3.141.59', revision: 'e82be7d358', time: '2018-11-14T08:17:03'
System info: host: 'Islams-MacBook-Air.local', ip: 'fe80:0:0:0:d8:fbbd:1abe:a80d%en0', os.name: 'Mac OS X', os.arch: 'x86_64', os.version: '12.0.1', java.version: '1.8.0_331'
Driver info: org.openqa.selenium.chrome.ChromeDriver
Capabilities {acceptInsecureCerts: false, browserName: chrome, browserVersion: 100.0.4896.127, chrome: {chromedriverVersion: 100.0.4896.60 (6a5d10861ce8..., userDataDir: /var/folders/y5/3lgl8tmj2tl...}, goog:chromeOptions: {debuggerAddress: localhost:56261}, javascriptEnabled: true, networkConnectionEnabled: false, pageLoadStrategy: normal, platform: MAC, platformName: MAC, proxy: Proxy(), setWindowRect: true, strictFileInteractability: false, timeouts: {implicit: 0, pageLoad: 300000, script: 30000}, unhandledPromptBehavior: dismiss and notify, webauthn:extension:credBlob: true, webauthn:extension:largeBlob: true, webauthn:virtualAuthenticators: true}
Session ID: 2ecaecddbc74bc5c8da0307f1dfdaae6
*** Element info: {Using=xpath, value=//*[text()='Welcome']}
at sun.reflect.NativeConstructorAccessorImpl.newInstance0(Native Method)
at sun.reflect.NativeConstructorAccessorImpl.newInstance(NativeConstructorAccessorImpl.java:62)
at sun.reflect.DelegatingConstructorAccessorImpl.newInstance(DelegatingConstructorAccessorImpl.java:45)
at java.lang.reflect.Constructor.newInstance(Constructor.java:423)
at org.openqa.selenium.remote.http.W3CHttpResponseCodec.createException(W3CHttpResponseCodec.java:187)
at org.openqa.selenium.remote.http.W3CHttpResponseCodec.decode(W3CHttpResponseCodec.java:122)
at org.openqa.selenium.remote.http.W3CHttpResponseCodec.decode(W3CHttpResponseCodec.java:49)
at org.openqa.selenium.remote.HttpCommandExecutor.execute(HttpCommandExecutor.java:158)
at org.openqa.selenium.remote.service.DriverCommandExecutor.execute(DriverCommandExecutor.java:83)
at org.openqa.selenium.remote.RemoteWebDriver.execute(RemoteWebDriver.java:552)
at org.openqa.selenium.remote.RemoteWebDriver.findElement(RemoteWebDriver.java:323)
at org.openqa.selenium.remote.RemoteWebDriver.findElementByXPath(RemoteWebDriver.java:428)
at org.openqa.selenium.By$ByXPath.findElement(By.java:353)
at org.openqa.selenium.remote.RemoteWebDriver.findElement(RemoteWebDriver.java:315)
at sun.reflect.GeneratedMethodAccessor2.invoke(Unknown Source)
at sun.reflect.DelegatingMethodAccessorImpl.invoke(DelegatingMethodAccessorImpl.java:43)
at java.lang.reflect.Method.invoke(Method.java:498)
at org.openqa.selenium.support.events.EventFiringWebDriver.lambda$new$1(EventFiringWebDriver.java:105)
at com.sun.proxy.$Proxy14.findElement(Unknown Source)
at org.openqa.selenium.support.events.EventFiringWebDriver.findElement(EventFiringWebDriver.java:194)
at org.openqa.selenium.support.pagefactory.DefaultElementLocator.findElement(DefaultElementLocator.java:69)
at org.openqa.selenium.support.pagefactory.internal.LocatingElementHandler.invoke(LocatingElementHandler.java:38)
at com.sun.proxy.$Proxy18.getWrappedElement(Unknown Source)
at org.openqa.selenium.remote.internal.WebElementToJsonConverter.apply(WebElementToJsonConverter.java:50)
at java.util.stream.ReferencePipeline$3$1.accept(ReferencePipeline.java:193)
at java.util.Spliterators$ArraySpliterator.forEachRemaining(Spliterators.java:948)
at java.util.stream.AbstractPipeline.copyInto(AbstractPipeline.java:482)
at java.util.stream.AbstractPipeline.wrapAndCopyInto(AbstractPipeline.java:472)
at java.util.stream.ReduceOps$ReduceOp.evaluateSequential(ReduceOps.java:708)
at java.util.stream.AbstractPipeline.evaluate(AbstractPipeline.java:234)
at java.util.stream.ReferencePipeline.collect(ReferencePipeline.java:499)
at org.openqa.selenium.remote.RemoteWebDriver.executeScript(RemoteWebDriver.java:484)
at sun.reflect.NativeMethodAccessorImpl.invoke0(Native Method)
at sun.reflect.NativeMethodAccessorImpl.invoke(NativeMethodAccessorImpl.java:62)
at sun.reflect.DelegatingMethodAccessorImpl.invoke(DelegatingMethodAccessorImpl.java:43)
at java.lang.reflect.Method.invoke(Method.java:498)
at org.openqa.selenium.support.events.EventFiringWebDriver.lambda$new$1(EventFiringWebDriver.java:105)
at com.sun.proxy.$Proxy14.executeScript(Unknown Source)
at org.openqa.selenium.support.events.EventFiringWebDriver.executeScript(EventFiringWebDriver.java:229)
at com.facebook.pages.LoginPage.testperformLogin(LoginPage.java:98)
at com.fb.testcases.LoginPageTest.loginTest(LoginPageTest.java:159)
at sun.reflect.NativeMethodAccessorImpl.invoke0(Native Method)
at sun.reflect.NativeMethodAccessorImpl.invoke(NativeMethodAccessorImpl.java:62)
at sun.reflect.DelegatingMethodAccessorImpl.invoke(DelegatingMethodAccessorImpl.java:43)
at java.lang.reflect.Method.invoke(Method.java:498)
at org.testng.internal.MethodInvocationHelper.invokeMethod(MethodInvocationHelper.java:132)
at org.testng.internal.TestInvoker.invokeMethod(TestInvoker.java:599)
at org.testng.internal.TestInvoker.invokeTestMethod(TestInvoker.java:174)
at org.testng.internal.MethodRunner.runInSequence(MethodRunner.java:46)
at org.testng.internal.TestInvoker$MethodInvocationAgent.invoke(TestInvoker.java:822)
at org.testng.internal.TestInvoker.invokeTestMethods(TestInvoker.java:147)
at org.testng.internal.TestMethodWorker.invokeTestMethods(TestMethodWorker.java:146)
at org.testng.internal.TestMethodWorker.run(TestMethodWorker.java:128)
at java.util.ArrayList.forEach(ArrayList.java:1259)
at org.testng.TestRunner.privateRun(TestRunner.java:764)
at org.testng.TestRunner.run(TestRunner.java:585)
at org.testng.SuiteRunner.runTest(SuiteRunner.java:384)
at org.testng.SuiteRunner.runSequentially(SuiteRunner.java:378)
at org.testng.SuiteRunner.privateRun(SuiteRunner.java:337)
at org.testng.SuiteRunner.run(SuiteRunner.java:286)
at org.testng.SuiteRunnerWorker.runSuite(SuiteRunnerWorker.java:53)
at org.testng.SuiteRunnerWorker.run(SuiteRunnerWorker.java:96)
at org.testng.TestNG.runSuitesSequentially(TestNG.java:1218)
at org.testng.TestNG.runSuitesLocally(TestNG.java:1140)
at org.testng.TestNG.runSuites(TestNG.java:1069)
at org.testng.TestNG.run(TestNG.java:1037)
at org.testng.remote.AbstractRemoteTestNG.run(AbstractRemoteTestNG.java:115)
at org.testng.remote.RemoteTestNG.initAndRun(RemoteTestNG.java:251)
at org.testng.remote.RemoteTestNG.main(RemoteTestNG.java:77)
]]>
            </full-stacktrace>
          </exception> <!-- org.openqa.selenium.NoSuchElementException -->
          <reporter-output>
          </reporter-output>
        </test-method> <!-- loginTest -->
        <test-method status="PASS" signature="tearDown(java.lang.reflect.Method, org.testng.ITestResult)[pri:0, instance:com.fb.testcases.LoginPageTest@17d0685f]" name="tearDown" is-config="true" duration-ms="395" started-at="2022-04-27T01:05:56 EET" finished-at="2022-04-27T01:05:56 EET">
          <params>
            <param index="0">
              <value>
                <![CDATA[public void com.fb.testcases.LoginPageTest.loginTest(java.lang.String,java.lang.String) throws java.io.IOException]]>
              </value>
            </param>
            <param index="1">
              <value>
                <![CDATA[[TestResult name=loginTest status=FAILURE method=LoginPageTest.loginTest(java.lang.String, java.lang.String)[pri:7, instance:com.fb.testcases.LoginPageTest@17d0685f] output={null}]]]>
              </value>
            </param>
          </params>
          <reporter-output>
          </reporter-output>
        </test-method> <!-- tearDown -->
        <test-method status="PASS" signature="setup(java.lang.reflect.Method)[pri:0, instance:com.fb.testcases.LoginPageTest@17d0685f]" name="setup" is-config="true" duration-ms="2022" started-at="2022-04-27T01:05:56 EET" finished-at="2022-04-27T01:05:58 EET">
          <params>
            <param index="0">
              <value>
                <![CDATA[public void com.fb.testcases.LoginPageTest.loginTest(java.lang.String,java.lang.String) throws java.io.IOException]]>
              </value>
            </param>
          </params>
          <reporter-output>
          </reporter-output>
        </test-method> <!-- setup -->
        <test-method status="FAIL" signature="loginTest(java.lang.String, java.lang.String)[pri:7, instance:com.fb.testcases.LoginPageTest@17d0685f]" name="loginTest" duration-ms="42657" started-at="2022-04-27T01:05:58 EET" data-provider="testLoginData" finished-at="2022-04-27T01:06:41 EET">
          <params>
            <param index="0">
              <value>
                <![CDATA[asd123@mail.com]]>
              </value>
            </param>
            <param index="1">
              <value>
                <![CDATA[Tesr432!]]>
              </value>
            </param>
          </params>
          <exception class="org.openqa.selenium.NoSuchElementException">
            <message>
              <![CDATA[no such element: Unable to locate element: {"method":"xpath","selector":"//*[text()='Welcome']"}
  (Session info: chrome=100.0.4896.127)
For documentation on this error, please visit: https://www.seleniumhq.org/exceptions/no_such_element.html
Build info: version: '3.141.59', revision: 'e82be7d358', time: '2018-11-14T08:17:03'
System info: host: 'Islams-MacBook-Air.local', ip: 'fe80:0:0:0:d8:fbbd:1abe:a80d%en0', os.name: 'Mac OS X', os.arch: 'x86_64', os.version: '12.0.1', java.version: '1.8.0_331'
Driver info: org.openqa.selenium.chrome.ChromeDriver
Capabilities {acceptInsecureCerts: false, browserName: chrome, browserVersion: 100.0.4896.127, chrome: {chromedriverVersion: 100.0.4896.60 (6a5d10861ce8..., userDataDir: /var/folders/y5/3lgl8tmj2tl...}, goog:chromeOptions: {debuggerAddress: localhost:56261}, javascriptEnabled: true, networkConnectionEnabled: false, pageLoadStrategy: normal, platform: MAC, platformName: MAC, proxy: Proxy(), setWindowRect: true, strictFileInteractability: false, timeouts: {implicit: 0, pageLoad: 300000, script: 30000}, unhandledPromptBehavior: dismiss and notify, webauthn:extension:credBlob: true, webauthn:extension:largeBlob: true, webauthn:virtualAuthenticators: true}
Session ID: 2ecaecddbc74bc5c8da0307f1dfdaae6
*** Element info: {Using=xpath, value=//*[text()='Welcome']}]]>
            </message>
            <full-stacktrace>
              <![CDATA[org.openqa.selenium.NoSuchElementException: no such element: Unable to locate element: {"method":"xpath","selector":"//*[text()='Welcome']"}
  (Session info: chrome=100.0.4896.127)
For documentation on this error, please visit: https://www.seleniumhq.org/exceptions/no_such_element.html
Build info: version: '3.141.59', revision: 'e82be7d358', time: '2018-11-14T08:17:03'
System info: host: 'Islams-MacBook-Air.local', ip: 'fe80:0:0:0:d8:fbbd:1abe:a80d%en0', os.name: 'Mac OS X', os.arch: 'x86_64', os.version: '12.0.1', java.version: '1.8.0_331'
Driver info: org.openqa.selenium.chrome.ChromeDriver
Capabilities {acceptInsecureCerts: false, browserName: chrome, browserVersion: 100.0.4896.127, chrome: {chromedriverVersion: 100.0.4896.60 (6a5d10861ce8..., userDataDir: /var/folders/y5/3lgl8tmj2tl...}, goog:chromeOptions: {debuggerAddress: localhost:56261}, javascriptEnabled: true, networkConnectionEnabled: false, pageLoadStrategy: normal, platform: MAC, platformName: MAC, proxy: Proxy(), setWindowRect: true, strictFileInteractability: false, timeouts: {implicit: 0, pageLoad: 300000, script: 30000}, unhandledPromptBehavior: dismiss and notify, webauthn:extension:credBlob: true, webauthn:extension:largeBlob: true, webauthn:virtualAuthenticators: true}
Session ID: 2ecaecddbc74bc5c8da0307f1dfdaae6
*** Element info: {Using=xpath, value=//*[text()='Welcome']}
at sun.reflect.NativeConstructorAccessorImpl.newInstance0(Native Method)
at sun.reflect.NativeConstructorAccessorImpl.newInstance(NativeConstructorAccessorImpl.java:62)
at sun.reflect.DelegatingConstructorAccessorImpl.newInstance(DelegatingConstructorAccessorImpl.java:45)
at java.lang.reflect.Constructor.newInstance(Constructor.java:423)
at org.openqa.selenium.remote.http.W3CHttpResponseCodec.createException(W3CHttpResponseCodec.java:187)
at org.openqa.selenium.remote.http.W3CHttpResponseCodec.decode(W3CHttpResponseCodec.java:122)
at org.openqa.selenium.remote.http.W3CHttpResponseCodec.decode(W3CHttpResponseCodec.java:49)
at org.openqa.selenium.remote.HttpCommandExecutor.execute(HttpCommandExecutor.java:158)
at org.openqa.selenium.remote.service.DriverCommandExecutor.execute(DriverCommandExecutor.java:83)
at org.openqa.selenium.remote.RemoteWebDriver.execute(RemoteWebDriver.java:552)
at org.openqa.selenium.remote.RemoteWebDriver.findElement(RemoteWebDriver.java:323)
at org.openqa.selenium.remote.RemoteWebDriver.findElementByXPath(RemoteWebDriver.java:428)
at org.openqa.selenium.By$ByXPath.findElement(By.java:353)
at org.openqa.selenium.remote.RemoteWebDriver.findElement(RemoteWebDriver.java:315)
at sun.reflect.GeneratedMethodAccessor2.invoke(Unknown Source)
at sun.reflect.DelegatingMethodAccessorImpl.invoke(DelegatingMethodAccessorImpl.java:43)
at java.lang.reflect.Method.invoke(Method.java:498)
at org.openqa.selenium.support.events.EventFiringWebDriver.lambda$new$1(EventFiringWebDriver.java:105)
at com.sun.proxy.$Proxy14.findElement(Unknown Source)
at org.openqa.selenium.support.events.EventFiringWebDriver.findElement(EventFiringWebDriver.java:194)
at org.openqa.selenium.support.pagefactory.DefaultElementLocator.findElement(DefaultElementLocator.java:69)
at org.openqa.selenium.support.pagefactory.internal.LocatingElementHandler.invoke(LocatingElementHandler.java:38)
at com.sun.proxy.$Proxy18.getWrappedElement(Unknown Source)
at org.openqa.selenium.remote.internal.WebElementToJsonConverter.apply(WebElementToJsonConverter.java:50)
at java.util.stream.ReferencePipeline$3$1.accept(ReferencePipeline.java:193)
at java.util.Spliterators$ArraySpliterator.forEachRemaining(Spliterators.java:948)
at java.util.stream.AbstractPipeline.copyInto(AbstractPipeline.java:482)
at java.util.stream.AbstractPipeline.wrapAndCopyInto(AbstractPipeline.java:472)
at java.util.stream.ReduceOps$ReduceOp.evaluateSequential(ReduceOps.java:708)
at java.util.stream.AbstractPipeline.evaluate(AbstractPipeline.java:234)
at java.util.stream.ReferencePipeline.collect(ReferencePipeline.java:499)
at org.openqa.selenium.remote.RemoteWebDriver.executeScript(RemoteWebDriver.java:484)
at sun.reflect.NativeMethodAccessorImpl.invoke0(Native Method)
at sun.reflect.NativeMethodAccessorImpl.invoke(NativeMethodAccessorImpl.java:62)
at sun.reflect.DelegatingMethodAccessorImpl.invoke(DelegatingMethodAccessorImpl.java:43)
at java.lang.reflect.Method.invoke(Method.java:498)
at org.openqa.selenium.support.events.EventFiringWebDriver.lambda$new$1(EventFiringWebDriver.java:105)
at com.sun.proxy.$Proxy14.executeScript(Unknown Source)
at org.openqa.selenium.support.events.EventFiringWebDriver.executeScript(EventFiringWebDriver.java:229)
at com.facebook.pages.LoginPage.testperformLogin(LoginPage.java:98)
at com.fb.testcases.LoginPageTest.loginTest(LoginPageTest.java:159)
at sun.reflect.NativeMethodAccessorImpl.invoke0(Native Method)
at sun.reflect.NativeMethodAccessorImpl.invoke(NativeMethodAccessorImpl.java:62)
at sun.reflect.DelegatingMethodAccessorImpl.invoke(DelegatingMethodAccessorImpl.java:43)
at java.lang.reflect.Method.invoke(Method.java:498)
at org.testng.internal.MethodInvocationHelper.invokeMethod(MethodInvocationHelper.java:132)
at org.testng.internal.TestInvoker.invokeMethod(TestInvoker.java:599)
at org.testng.internal.TestInvoker.invokeTestMethod(TestInvoker.java:174)
at org.testng.internal.MethodRunner.runInSequence(MethodRunner.java:46)
at org.testng.internal.TestInvoker$MethodInvocationAgent.invoke(TestInvoker.java:822)
at org.testng.internal.TestInvoker.invokeTestMethods(TestInvoker.java:147)
at org.testng.internal.TestMethodWorker.invokeTestMethods(TestMethodWorker.java:146)
at org.testng.internal.TestMethodWorker.run(TestMethodWorker.java:128)
at java.util.ArrayList.forEach(ArrayList.java:1259)
at org.testng.TestRunner.privateRun(TestRunner.java:764)
at org.testng.TestRunner.run(TestRunner.java:585)
at org.testng.SuiteRunner.runTest(SuiteRunner.java:384)
at org.testng.SuiteRunner.runSequentially(SuiteRunner.java:378)
at org.testng.SuiteRunner.privateRun(SuiteRunner.java:337)
at org.testng.SuiteRunner.run(SuiteRunner.java:286)
at org.testng.SuiteRunnerWorker.runSuite(SuiteRunnerWorker.java:53)
at org.testng.SuiteRunnerWorker.run(SuiteRunnerWorker.java:96)
at org.testng.TestNG.runSuitesSequentially(TestNG.java:1218)
at org.testng.TestNG.runSuitesLocally(TestNG.java:1140)
at org.testng.TestNG.runSuites(TestNG.java:1069)
at org.testng.TestNG.run(TestNG.java:1037)
at org.testng.remote.AbstractRemoteTestNG.run(AbstractRemoteTestNG.java:115)
at org.testng.remote.RemoteTestNG.initAndRun(RemoteTestNG.java:251)
at org.testng.remote.RemoteTestNG.main(RemoteTestNG.java:77)
]]>
            </full-stacktrace>
          </exception> <!-- org.openqa.selenium.NoSuchElementException -->
          <reporter-output>
          </reporter-output>
        </test-method> <!-- loginTest -->
        <test-method status="PASS" signature="tearDown(java.lang.reflect.Method, org.testng.ITestResult)[pri:0, instance:com.fb.testcases.LoginPageTest@17d0685f]" name="tearDown" is-config="true" duration-ms="465" started-at="2022-04-27T01:06:41 EET" finished-at="2022-04-27T01:06:41 EET">
          <params>
            <param index="0">
              <value>
                <![CDATA[public void com.fb.testcases.LoginPageTest.loginTest(java.lang.String,java.lang.String) throws java.io.IOException]]>
              </value>
            </param>
            <param index="1">
              <value>
                <![CDATA[[TestResult name=loginTest status=FAILURE method=LoginPageTest.loginTest(java.lang.String, java.lang.String)[pri:7, instance:com.fb.testcases.LoginPageTest@17d0685f] output={null}]]]>
              </value>
            </param>
          </params>
          <reporter-output>
          </reporter-output>
        </test-method> <!-- tearDown -->
        <test-method status="PASS" signature="endbrowser()[pri:0, instance:com.fb.testcases.LoginPageTest@17d0685f]" name="endbrowser" is-config="true" duration-ms="173" started-at="2022-04-27T01:06:41 EET" finished-at="2022-04-27T01:06:42 EET">
          <reporter-output>
          </reporter-output>
        </test-method> <!-- endbrowser -->
      </class> <!-- com.fb.testcases.LoginPageTest -->
      <class name="com.fb.testcases.config">
        <test-method status="PASS" signature="start()[pri:0, instance:com.fb.testcases.config@22eeefeb]" name="start" is-config="true" duration-ms="185" started-at="2022-04-27T01:04:17 EET" finished-at="2022-04-27T01:04:18 EET">
          <reporter-output>
          </reporter-output>
        </test-method> <!-- start -->
        <test-method status="PASS" signature="end()[pri:0, instance:com.fb.testcases.config@22eeefeb]" name="end" is-config="true" duration-ms="316" started-at="2022-04-27T01:06:42 EET" finished-at="2022-04-27T01:06:42 EET">
          <reporter-output>
          </reporter-output>
        </test-method> <!-- end -->
      </class> <!-- com.fb.testcases.config -->
    </test> <!-- End To End Test with Chrome browser -->
  </suite> <!-- Facebook Application Test -->
</testng-results>
